<?xml version="1.0" encoding="UTF-8"?>
<!-- Generated by org.testng.reporters.JUnitReportReporter -->
<testsuite hostname="Nuvobook_V1" failures="0" tests="3" name="Registration.Registration_1" time="16.609" errors="0" timestamp="2024-06-23T11:41:53 IST" skipped="0">
  <testcase classname="Registration.Registration_1" name="product_search" time="2.082"/>
  <system-out/>
  <testcase classname="Registration.Registration_1" name="user_registration" time="12.494"/>
  <system-out/>
  <testcase classname="Registration.Registration_1" name="Add_To_Cart" time="2.033"/>
  <system-out/>
</testsuite> <!-- Registration.Registration_1 -->
